Watching for file changes with StatReloader
C:\Users\kk807\Desktop\agriculture project\agri-app\backend\apps\documents\views.py changed, reloading.
Watching for file changes with StatReloader
C:\Users\kk807\Desktop\agriculture project\agri-app\backend\apps\documents\serializers.py changed, reloading.
Watching for file changes with StatReloader
C:\Users\kk807\Desktop\agriculture project\agri-app\backend\apps\documents\models.py changed, reloading.
Watching for file changes with StatReloader
C:\Users\kk807\Desktop\agriculture project\agri-app\backend\apps\documents\views.py changed, reloading.
Watching for file changes with StatReloader
C:\Users\kk807\Desktop\agriculture project\agri-app\backend\apps\documents\serializers.py changed, reloading.
Watching for file changes with StatReloader
Unauthorized: /api/catalog/filters/
[02/May/2026 23:43:42] "GET /api/catalog/filters/ HTTP/1.1" 401 58
[02/May/2026 23:43:43] "GET /api/locations/tree/ HTTP/1.1" 200 68827
[02/May/2026 23:43:44] "GET /api/locations/tree/ HTTP/1.1" 200 68827
Unauthorized: /api/catalog/filters/
[02/May/2026 23:44:09] "GET /api/catalog/filters/ HTTP/1.1" 401 58
[02/May/2026 23:44:10] "GET /api/locations/tree/ HTTP/1.1" 200 68827
[02/May/2026 23:44:10] "GET /api/locations/tree/ HTTP/1.1" 200 68827
[02/May/2026 23:44:15] "OPTIONS /api/auth/login/ HTTP/1.1" 200 0
[02/May/2026 23:44:18] "POST /api/auth/login/ HTTP/1.1" 200 1302
[02/May/2026 23:44:27] "OPTIONS /api/auth/login/ HTTP/1.1" 200 0
[02/May/2026 23:44:28] "POST /api/auth/login/ HTTP/1.1" 200 1275
[02/May/2026 23:44:58] "OPTIONS /api/catalog/filters/ HTTP/1.1" 200 0
[02/May/2026 23:44:58] "OPTIONS /api/locations/tree/ HTTP/1.1" 200 0
[02/May/2026 23:44:59] "GET /api/catalog/filters/ HTTP/1.1" 200 73557
[02/May/2026 23:44:59] "GET /api/locations/tree/ HTTP/1.1" 200 68827
[02/May/2026 23:44:59] "GET /api/locations/tree/ HTTP/1.1" 200 68827
Unauthorized: /api/catalog/filters/
[02/May/2026 23:45:28] "GET /api/catalog/filters/ HTTP/1.1" 401 58
[02/May/2026 23:45:29] "GET /api/locations/tree/ HTTP/1.1" 200 68827
[02/May/2026 23:45:30] "GET /api/locations/tree/ HTTP/1.1" 200 68827
[02/May/2026 23:45:42] "POST /api/auth/login/ HTTP/1.1" 200 1319
[02/May/2026 23:45:56] "GET /api/locations/tree/ HTTP/1.1" 200 68827
[02/May/2026 23:45:56] "GET /api/catalog/filters/ HTTP/1.1" 200 73557
[02/May/2026 23:45:57] "GET /api/locations/tree/ HTTP/1.1" 200 68827
Unauthorized: /api/catalog/filters/
[02/May/2026 23:46:08] "GET /api/catalog/filters/ HTTP/1.1" 401 58
[02/May/2026 23:46:09] "GET /api/locations/tree/ HTTP/1.1" 200 68827
[02/May/2026 23:46:09] "GET /api/locations/tree/ HTTP/1.1" 200 68827
[02/May/2026 23:46:21] "POST /api/auth/login/ HTTP/1.1" 200 1306
[02/May/2026 23:46:32] "GET /api/locations/tree/ HTTP/1.1" 200 68827
[02/May/2026 23:46:32] "GET /api/catalog/filters/ HTTP/1.1" 200 73557
[02/May/2026 23:46:33] "GET /api/locations/tree/ HTTP/1.1" 200 68827
[02/May/2026 23:46:44] "GET /api/locations/tree/ HTTP/1.1" 200 68827
[02/May/2026 23:46:44] "GET /api/catalog/filters/ HTTP/1.1" 200 73557
[02/May/2026 23:46:45] "GET /api/locations/tree/ HTTP/1.1" 200 68827
[02/May/2026 23:47:08] "GET /api/locations/tree/ HTTP/1.1" 200 68827
[02/May/2026 23:47:09] "GET /api/catalog/filters/ HTTP/1.1" 200 73557
[02/May/2026 23:47:09] "GET /api/locations/tree/ HTTP/1.1" 200 68827
Unauthorized: /api/catalog/filters/
[02/May/2026 23:49:24] "GET /api/catalog/filters/ HTTP/1.1" 401 58
Unauthorized: /api/catalog/filters/
[02/May/2026 23:49:24] "GET /api/catalog/filters/ HTTP/1.1" 401 58
Unauthorized: /api/catalog/filters/
[02/May/2026 23:49:24] "GET /api/catalog/filters/ HTTP/1.1" 401 58
[02/May/2026 23:49:24] "GET /api/locations/tree/ HTTP/1.1" 200 68827
[02/May/2026 23:49:25] "GET /api/locations/tree/ HTTP/1.1" 200 68827
[02/May/2026 23:49:26] "GET /api/locations/tree/ HTTP/1.1" 200 68827
[02/May/2026 23:49:26] "GET /api/locations/tree/ HTTP/1.1" 200 68827
[02/May/2026 23:49:26] "GET /api/locations/tree/ HTTP/1.1" 200 68827
[02/May/2026 23:49:26] "GET /api/locations/tree/ HTTP/1.1" 200 68827
[02/May/2026 23:49:42] "OPTIONS /api/catalog/filters/ HTTP/1.1" 200 0
[02/May/2026 23:49:42] "OPTIONS /api/locations/tree/ HTTP/1.1" 200 0
[02/May/2026 23:49:42] "OPTIONS /api/locations/tree/ HTTP/1.1" 200 0
[02/May/2026 23:49:43] "GET /api/locations/tree/ HTTP/1.1" 200 68827
[02/May/2026 23:49:43] "GET /api/catalog/filters/ HTTP/1.1" 200 73557
[02/May/2026 23:49:44] "GET /api/locations/tree/ HTTP/1.1" 200 68827
Unauthorized: /api/catalog/filters/
[02/May/2026 23:49:44] "GET /api/catalog/filters/ HTTP/1.1" 401 58
[02/May/2026 23:49:44] "GET /api/locations/tree/ HTTP/1.1" 200 68827
[02/May/2026 23:49:45] "GET /api/locations/tree/ HTTP/1.1" 200 68827
[02/May/2026 23:49:58] "GET /api/locations/tree/ HTTP/1.1" 200 68827
[02/May/2026 23:49:58] "GET /api/catalog/filters/ HTTP/1.1" 200 73557
[02/May/2026 23:49:58] "GET /api/locations/tree/ HTTP/1.1" 200 68827
Unauthorized: /api/catalog/filters/
[02/May/2026 23:50:02] "GET /api/catalog/filters/ HTTP/1.1" 401 58
[02/May/2026 23:50:02] "GET /api/locations/tree/ HTTP/1.1" 200 68827
[02/May/2026 23:50:03] "GET /api/locations/tree/ HTTP/1.1" 200 68827
Unauthorized: /api/auth/login/
[02/May/2026 23:50:16] "POST /api/auth/login/ HTTP/1.1" 401 63
[02/May/2026 23:50:37] "POST /api/auth/login/ HTTP/1.1" 200 1306
[02/May/2026 23:50:45] "GET /api/locations/tree/ HTTP/1.1" 200 68827
[02/May/2026 23:50:46] "GET /api/locations/tree/ HTTP/1.1" 200 68827
[02/May/2026 23:51:05] "POST /api/auth/login/ HTTP/1.1" 200 1302
[02/May/2026 23:51:06] "OPTIONS /api/documents/mine/ HTTP/1.1" 200 0
[02/May/2026 23:51:06] "OPTIONS /api/documents/mine/ HTTP/1.1" 200 0
[02/May/2026 23:51:06] "GET /api/documents/mine/ HTTP/1.1" 200 2
[02/May/2026 23:51:06] "GET /api/documents/mine/ HTTP/1.1" 200 2
[02/May/2026 23:51:24] "GET /api/locations/tree/ HTTP/1.1" 200 68827
[02/May/2026 23:51:24] "GET /api/documents/mine/ HTTP/1.1" 200 2
[02/May/2026 23:51:24] "GET /api/catalog/filters/ HTTP/1.1" 200 73557
[02/May/2026 23:51:24] "GET /api/locations/tree/ HTTP/1.1" 200 68827
[02/May/2026 23:51:24] "GET /api/documents/mine/ HTTP/1.1" 200 2
[02/May/2026 23:51:50] "POST /api/auth/login/ HTTP/1.1" 200 1319
[02/May/2026 23:51:50] "GET /api/documents/mine/ HTTP/1.1" 200 2
[02/May/2026 23:51:50] "GET /api/documents/mine/ HTTP/1.1" 200 2
[02/May/2026 23:51:58] "GET /api/documents/mine/ HTTP/1.1" 200 2
[02/May/2026 23:51:58] "GET /api/documents/mine/ HTTP/1.1" 200 2
[02/May/2026 23:51:58] "GET /api/catalog/filters/ HTTP/1.1" 200 73557
[02/May/2026 23:51:59] "GET /api/locations/tree/ HTTP/1.1" 200 68827
[02/May/2026 23:51:59] "GET /api/locations/tree/ HTTP/1.1" 200 68827
[02/May/2026 23:52:15] "POST /api/auth/login/ HTTP/1.1" 200 1306
[02/May/2026 23:52:39] "POST /api/auth/login/ HTTP/1.1" 200 1118
[02/May/2026 23:52:39] "OPTIONS /api/auth/admin/stats/ HTTP/1.1" 200 0
[02/May/2026 23:52:39] "OPTIONS /api/auth/admin/stats/ HTTP/1.1" 200 0
[02/May/2026 23:52:39] "GET /api/auth/admin/stats/ HTTP/1.1" 200 718
[02/May/2026 23:52:39] "GET /api/auth/admin/stats/ HTTP/1.1" 200 718
[02/May/2026 23:52:55] "GET /api/auth/admin/stats/ HTTP/1.1" 200 718
[02/May/2026 23:52:55] "GET /api/auth/admin/stats/ HTTP/1.1" 200 718
[02/May/2026 23:52:55] "GET /api/catalog/filters/ HTTP/1.1" 200 73557
[02/May/2026 23:52:55] "GET /api/locations/tree/ HTTP/1.1" 200 68827
[02/May/2026 23:52:55] "GET /api/locations/tree/ HTTP/1.1" 200 68827
[02/May/2026 23:59:28] "GET /api/locations/tree/ HTTP/1.1" 200 68827
[02/May/2026 23:59:29] "GET /api/locations/tree/ HTTP/1.1" 200 68827
[02/May/2026 23:59:35] "GET /api/catalog/filters/ HTTP/1.1" 200 73557
[02/May/2026 23:59:35] "GET /api/locations/tree/ HTTP/1.1" 200 68827
[02/May/2026 23:59:35] "GET /api/locations/tree/ HTTP/1.1" 200 68827
[02/May/2026 23:59:51] "GET /api/locations/tree/ HTTP/1.1" 200 68827
[02/May/2026 23:59:51] "GET /api/catalog/filters/ HTTP/1.1" 200 73557
[02/May/2026 23:59:51] "GET /api/locations/tree/ HTTP/1.1" 200 68827
[02/May/2026 23:59:58] "POST /api/auth/login/ HTTP/1.1" 200 1113
[02/May/2026 23:59:58] "OPTIONS /api/auth/admin/stats/ HTTP/1.1" 200 0
[02/May/2026 23:59:58] "OPTIONS /api/auth/admin/stats/ HTTP/1.1" 200 0
[02/May/2026 23:59:58] "GET /api/auth/admin/stats/ HTTP/1.1" 200 718
[02/May/2026 23:59:58] "GET /api/auth/admin/stats/ HTTP/1.1" 200 718
[03/May/2026 00:00:00] "OPTIONS /api/orders/admin/ HTTP/1.1" 200 0
[03/May/2026 00:00:00] "OPTIONS /api/orders/admin/ HTTP/1.1" 200 0
[03/May/2026 00:00:01] "OPTIONS /api/auth/admin/users/?approval_status=pending HTTP/1.1" 200 0
[03/May/2026 00:00:01] "OPTIONS /api/auth/admin/users/pending/ HTTP/1.1" 200 0
[03/May/2026 00:00:01] "OPTIONS /api/auth/admin/users/?approval_status=pending HTTP/1.1" 200 0
[03/May/2026 00:00:01] "OPTIONS /api/auth/admin/users/pending/ HTTP/1.1" 200 0
[03/May/2026 00:00:03] "GET /api/auth/admin/users/?approval_status=pending HTTP/1.1" 200 2052
[03/May/2026 00:00:03] "GET /api/auth/admin/users/pending/ HTTP/1.1" 200 2052
[03/May/2026 00:00:05] "GET /api/auth/admin/users/?approval_status=pending HTTP/1.1" 200 2052
[03/May/2026 00:00:06] "GET /api/auth/admin/users/pending/ HTTP/1.1" 200 2052
[03/May/2026 00:00:09] "OPTIONS /api/auth/admin/users/?approval_status=approved HTTP/1.1" 200 0
[03/May/2026 00:00:11] "GET /api/orders/admin/ HTTP/1.1" 200 57061
[03/May/2026 00:00:11] "GET /api/auth/admin/users/pending/ HTTP/1.1" 200 2052
[03/May/2026 00:00:23] "GET /api/orders/admin/ HTTP/1.1" 200 57061
[03/May/2026 00:00:25] "GET /api/auth/admin/users/?approval_status=approved HTTP/1.1" 200 42186
[03/May/2026 00:03:47] "GET /api/auth/admin/users/pending/ HTTP/1.1" 200 2052
[03/May/2026 00:03:48] "GET /api/auth/admin/users/?approval_status=pending HTTP/1.1" 200 2052
[03/May/2026 00:03:49] "GET /api/auth/admin/users/pending/ HTTP/1.1" 200 2052
[03/May/2026 00:03:50] "GET /api/auth/admin/users/?approval_status=pending HTTP/1.1" 200 2052
[03/May/2026 00:04:14] "POST /api/auth/login/ HTTP/1.1" 200 1306
[03/May/2026 00:04:16] "OPTIONS /api/catalog/products/ HTTP/1.1" 200 0
[03/May/2026 00:04:16] "OPTIONS /api/catalog/products/ HTTP/1.1" 200 0
[03/May/2026 00:04:16] "GET /api/catalog/filters/ HTTP/1.1" 200 73557
[03/May/2026 00:04:17] "GET /api/catalog/filters/ HTTP/1.1" 200 73557
[03/May/2026 00:04:18] "GET /api/catalog/products/ HTTP/1.1" 200 10076444
[03/May/2026 00:04:19] "GET /api/catalog/products/ HTTP/1.1" 200 10076444
[03/May/2026 00:04:23] "OPTIONS /api/catalog/products/157/ HTTP/1.1" 200 0
[03/May/2026 00:04:23] "OPTIONS /api/catalog/products/157/ HTTP/1.1" 200 0
[03/May/2026 00:04:23] "GET /api/catalog/products/157/ HTTP/1.1" 200 489
[03/May/2026 00:04:23] "OPTIONS /api/catalog/products/157/related/ HTTP/1.1" 200 0
[03/May/2026 00:04:23] "GET /api/catalog/products/157/ HTTP/1.1" 200 489
[03/May/2026 00:04:25] "GET /api/catalog/products/157/related/ HTTP/1.1" 200 1402
[03/May/2026 00:04:26] "GET /api/catalog/products/157/related/ HTTP/1.1" 200 1402
[03/May/2026 00:04:32] "OPTIONS /api/auth/buyer/profile/ HTTP/1.1" 200 0
[03/May/2026 00:04:32] "OPTIONS /api/auth/buyer/profile/ HTTP/1.1" 200 0
[03/May/2026 00:04:32] "GET /api/auth/buyer/profile/ HTTP/1.1" 200 236
[03/May/2026 00:04:33] "GET /api/auth/buyer/profile/ HTTP/1.1" 200 236
[03/May/2026 00:04:46] "OPTIONS /api/orders/checkout/ HTTP/1.1" 200 0
[03/May/2026 00:04:48] "POST /api/orders/checkout/ HTTP/1.1" 201 529
[03/May/2026 00:04:50] "OPTIONS /api/orders/mine/ HTTP/1.1" 200 0
[03/May/2026 00:04:50] "OPTIONS /api/orders/mine/ HTTP/1.1" 200 0
[03/May/2026 00:04:51] "GET /api/orders/mine/ HTTP/1.1" 200 944
[03/May/2026 00:04:52] "GET /api/orders/mine/ HTTP/1.1" 200 944
[03/May/2026 00:05:20] "OPTIONS /api/reports/ HTTP/1.1" 200 0
[03/May/2026 00:05:21] "POST /api/reports/ HTTP/1.1" 201 508
[03/May/2026 00:05:28] "POST /api/auth/login/ HTTP/1.1" 200 1139
[03/May/2026 00:05:29] "GET /api/auth/admin/stats/ HTTP/1.1" 200 718
[03/May/2026 00:05:29] "GET /api/auth/admin/stats/ HTTP/1.1" 200 718
[03/May/2026 00:05:30] "OPTIONS /api/products/ HTTP/1.1" 200 0
[03/May/2026 00:05:30] "OPTIONS /api/catalog/categories/ HTTP/1.1" 200 0
[03/May/2026 00:05:30] "OPTIONS /api/catalog/categories/ HTTP/1.1" 200 0
[03/May/2026 00:05:30] "OPTIONS /api/products/ HTTP/1.1" 200 0
[03/May/2026 00:05:31] "GET /api/catalog/categories/ HTTP/1.1" 200 141
[03/May/2026 00:05:31] "GET /api/catalog/categories/ HTTP/1.1" 200 141
[03/May/2026 00:05:32] "GET /api/products/ HTTP/1.1" 200 16729855
[03/May/2026 00:05:34] "GET /api/products/ HTTP/1.1" 200 16729855
[03/May/2026 00:05:48] "OPTIONS /api/reports/admin/ HTTP/1.1" 200 0
[03/May/2026 00:05:48] "OPTIONS /api/reports/admin/ HTTP/1.1" 200 0
[03/May/2026 00:05:48] "GET /api/reports/admin/ HTTP/1.1" 200 510
[03/May/2026 00:05:48] "GET /api/reports/admin/ HTTP/1.1" 200 510
[03/May/2026 00:06:20] "OPTIONS /api/reports/admin/6/ HTTP/1.1" 200 0
[03/May/2026 00:06:21] "PATCH /api/reports/admin/6/ HTTP/1.1" 200 521
[03/May/2026 00:06:38] "POST /api/auth/login/ HTTP/1.1" 200 1306
[03/May/2026 00:06:43] "OPTIONS /api/reports/mine/ HTTP/1.1" 200 0
[03/May/2026 00:06:43] "OPTIONS /api/reports/mine/ HTTP/1.1" 200 0
[03/May/2026 00:06:44] "GET /api/reports/mine/ HTTP/1.1" 200 523
[03/May/2026 00:06:44] "GET /api/reports/mine/ HTTP/1.1" 200 523
[03/May/2026 00:07:12] "POST /api/auth/login/ HTTP/1.1" 200 1139
[03/May/2026 00:07:12] "GET /api/auth/admin/stats/ HTTP/1.1" 200 718
[03/May/2026 00:07:13] "GET /api/auth/admin/stats/ HTTP/1.1" 200 718
[03/May/2026 00:07:27] "GET /api/orders/admin/ HTTP/1.1" 200 58225
[03/May/2026 00:07:37] "GET /api/orders/admin/ HTTP/1.1" 200 58225
[03/May/2026 00:08:18] "GET /api/orders/admin/ HTTP/1.1" 200 58225
[03/May/2026 00:30:44] "GET /api/catalog/categories/ HTTP/1.1" 200 141
[03/May/2026 00:30:44] "GET /api/catalog/categories/ HTTP/1.1" 200 141
[03/May/2026 00:30:46,757] - Broken pipe from ('127.0.0.1', 64575)
[03/May/2026 00:30:47] "GET /api/catalog/categories/ HTTP/1.1" 200 141
[03/May/2026 00:30:47] "GET /api/locations/tree/ HTTP/1.1" 200 68827
[03/May/2026 00:30:47] "GET /api/catalog/categories/ HTTP/1.1" 200 141
[03/May/2026 00:30:47] "GET /api/catalog/filters/ HTTP/1.1" 200 73557
[03/May/2026 00:30:48] "GET /api/locations/tree/ HTTP/1.1" 200 68827
[03/May/2026 00:30:49,329] - Broken pipe from ('127.0.0.1', 59326)
[03/May/2026 00:30:50] "GET /api/products/ HTTP/1.1" 200 16729855
[03/May/2026 00:30:52] "GET /api/products/ HTTP/1.1" 200 16729855
[03/May/2026 00:31:25] "POST /api/products/ HTTP/1.1" 201 178
[03/May/2026 00:31:27] "GET /api/products/ HTTP/1.1" 200 16730034
[03/May/2026 11:07:39] "OPTIONS /api/catalog/filters/ HTTP/1.1" 200 0
Unauthorized: /api/catalog/filters/
[03/May/2026 11:07:39] "GET /api/catalog/filters/ HTTP/1.1" 401 172
[03/May/2026 11:07:39] "OPTIONS /api/catalog/categories/ HTTP/1.1" 200 0
[03/May/2026 11:07:39] "OPTIONS /api/products/ HTTP/1.1" 200 0
Unauthorized: /api/catalog/categories/
Unauthorized: /api/products/
[03/May/2026 11:07:39] "OPTIONS /api/locations/tree/ HTTP/1.1" 200 0
[03/May/2026 11:07:39] "GET /api/catalog/categories/ HTTP/1.1" 401 172
[03/May/2026 11:07:39] "OPTIONS /api/locations/tree/ HTTP/1.1" 200 0
[03/May/2026 11:07:39] "GET /api/products/ HTTP/1.1" 401 172
[03/May/2026 11:07:39] "OPTIONS /api/catalog/categories/ HTTP/1.1" 200 0
[03/May/2026 11:07:39] "OPTIONS /api/products/ HTTP/1.1" 200 0
Unauthorized: /api/catalog/categories/
Unauthorized: /api/products/
[03/May/2026 11:07:39] "GET /api/products/ HTTP/1.1" 401 172
[03/May/2026 11:07:39] "GET /api/catalog/categories/ HTTP/1.1" 401 172
[03/May/2026 11:07:40] "GET /api/locations/tree/ HTTP/1.1" 200 68827
[03/May/2026 11:07:41,730] - Broken pipe from ('127.0.0.1', 49994)
